<?xml version='1.1' encoding='UTF-8'?>
<result plugin="junit@1.52">
  <suites>
    <suite>
      <file>/home/labsuser/jenkinsDemo/target/surefire-reports/TEST-jenkinsDemo.AppTest.xml</file>
      <name>jenkinsDemo.AppTest</name>
      <duration>0.003</duration>
      <time>0.003</time>
      <enclosingBlocks/>
      <enclosingBlockNames/>
      <cases>
        <case>
          <duration>0.003</duration>
          <className>jenkinsDemo.AppTest</className>
          <testName>testApp</testName>
          <skipped>false</skipped>
          <failedSince>0</failedSince>
        </case>
      </cases>
    </suite>
  </suites>
  <duration>0.003</duration>
  <keepLongStdio>false</keepLongStdio>
</result>